<?xml version="1.0" encoding="UTF-8"?>
<testng-results skipped="0" failed="0" total="1" passed="1">
  <reporter-output>
    <line>
      <![CDATA[Application launched.]]>
    </line>
    <line>
      <![CDATA[Successfully logged into Application.]]>
    </line>
    <line>
      <![CDATA[On Upload Documents Page]]>
    </line>
  </reporter-output>
  <suite name="Default suite" duration-ms="38481" started-at="2016-09-15T09:19:13Z" finished-at="2016-09-15T09:19:51Z">
    <groups>
    </groups>
    <test name="Default test" duration-ms="38481" started-at="2016-09-15T09:19:13Z" finished-at="2016-09-15T09:19:51Z">
      <class name="AutomationFrmwork.Dashboard">
        <test-method status="PASS" signature="launchBrowser()[pri:0, instance:AutomationFrmwork.Dashboard@6cc4c815]" name="launchBrowser" is-config="true" duration-ms="7674" started-at="2016-09-15T14:49:13Z" finished-at="2016-09-15T14:49:21Z">
          <reporter-output>
          </reporter-output>
        </test-method> <!-- launchBrowser -->
        <test-method status="PASS" signature="RedirectToLoginPage()[pri:0, instance:AutomationFrmwork.Dashboard@6cc4c815]" name="RedirectToLoginPage" is-config="true" duration-ms="15781" started-at="2016-09-15T14:49:21Z" finished-at="2016-09-15T14:49:36Z">
          <reporter-output>
          </reporter-output>
        </test-method> <!-- RedirectToLoginPage -->
        <test-method status="PASS" signature="VerifyUploadDocPage()[pri:3, instance:AutomationFrmwork.Dashboard@6cc4c815]" name="VerifyUploadDocPage" duration-ms="13047" started-at="2016-09-15T14:49:36Z" finished-at="2016-09-15T14:49:50Z">
          <reporter-output>
            <line>
              <![CDATA[Application launched.]]>
            </line>
            <line>
              <![CDATA[Successfully logged into Application.]]>
            </line>
            <line>
              <![CDATA[On Upload Documents Page]]>
            </line>
          </reporter-output>
        </test-method> <!-- VerifyUploadDocPage -->
        <test-method status="PASS" signature="terminateBrowser()[pri:0, instance:AutomationFrmwork.Dashboard@6cc4c815]" name="terminateBrowser" is-config="true" duration-ms="1943" started-at="2016-09-15T14:49:50Z" finished-at="2016-09-15T14:49:51Z">
          <reporter-output>
          </reporter-output>
        </test-method> <!-- terminateBrowser -->
      </class> <!-- AutomationFrmwork.Dashboard -->
    </test> <!-- Default test -->
  </suite> <!-- Default suite -->
</testng-results>
